Determining if the pthread_create exist failed with the following output:
Change Dir: /home/lalalilia/LALI/CMakeFiles/CMakeTmp

Run Build Command:"/usr/bin/make" "cmTC_59ddd/fast"
/usr/bin/make -f CMakeFiles/cmTC_59ddd.dir/build.make CMakeFiles/cmTC_59ddd.dir/build
make[1]: Entering directory '/home/lalalilia/LALI/CMakeFiles/CMakeTmp'
Building C object CMakeFiles/cmTC_59ddd.dir/CheckSymbolExists.c.o
/usr/bin/cc    -o CMakeFiles/cmTC_59ddd.dir/CheckSymbolExists.c.o   -c /home/lalalilia/LALI/CMakeFiles/CMakeTmp/CheckSymbolExists.c
Linking C executable cmTC_59ddd
/usr/bin/cmake -E cmake_link_script CMakeFiles/cmTC_59ddd.dir/link.txt --verbose=1
/usr/bin/cc      CMakeFiles/cmTC_59ddd.dir/CheckSymbolExists.c.o  -o cmTC_59ddd 
CMakeFiles/cmTC_59ddd.dir/CheckSymbolExists.c.o: In function `main':
CheckSymbolExists.c:(.text+0x1b): undefined reference to `pthread_create'
collect2: error: ld returned 1 exit status
CMakeFiles/cmTC_59ddd.dir/build.make:97: recipe for target 'cmTC_59ddd' failed
make[1]: *** [cmTC_59ddd] Error 1
make[1]: Leaving directory '/home/lalalilia/LALI/CMakeFiles/CMakeTmp'
Makefile:126: recipe for target 'cmTC_59ddd/fast' failed
make: *** [cmTC_59ddd/fast] Error 2

File /home/lalalilia/LALI/CMakeFiles/CMakeTmp/CheckSymbolExists.c:
/* */
#include <pthread.h>

int main(int argc, char** argv)
{
  (void)argv;
#ifndef pthread_create
  return ((int*)(&pthread_create))[argc];
#else
  (void)argc;
  return 0;
#endif
}

Determining if the function pthread_create exists in the pthreads failed with the following output:
Change Dir: /home/lalalilia/LALI/CMakeFiles/CMakeTmp

Run Build Command:"/usr/bin/make" "cmTC_69e58/fast"
/usr/bin/make -f CMakeFiles/cmTC_69e58.dir/build.make CMakeFiles/cmTC_69e58.dir/build
make[1]: Entering directory '/home/lalalilia/LALI/CMakeFiles/CMakeTmp'
Building C object CMakeFiles/cmTC_69e58.dir/CheckFunctionExists.c.o
/usr/bin/cc   -DCHECK_FUNCTION_EXISTS=pthread_create   -o CMakeFiles/cmTC_69e58.dir/CheckFunctionExists.c.o   -c /usr/share/cmake-3.10/Modules/CheckFunctionExists.c
Linking C executable cmTC_69e58
/usr/bin/cmake -E cmake_link_script CMakeFiles/cmTC_69e58.dir/link.txt --verbose=1
/usr/bin/cc  -DCHECK_FUNCTION_EXISTS=pthread_create    CMakeFiles/cmTC_69e58.dir/CheckFunctionExists.c.o  -o cmTC_69e58 -lpthreads 
/usr/bin/ld: cannot find -lpthreads
collect2: error: ld returned 1 exit status
CMakeFiles/cmTC_69e58.dir/build.make:97: recipe for target 'cmTC_69e58' failed
make[1]: *** [cmTC_69e58] Error 1
make[1]: Leaving directory '/home/lalalilia/LALI/CMakeFiles/CMakeTmp'
Makefile:126: recipe for target 'cmTC_69e58/fast' failed
make: *** [cmTC_69e58/fast] Error 2


